********************************************************************************
DUPLICATOR-LITE PACKAGE-LOG: May 15, 2026 11:03 am
NOTICE: Do NOT post to public sites or forums 
********************************************************************************
VERSION:	1.5.16
WORDPRESS:	6.9.4
PHP INFO:	8.3.6 | SAPI: apache2handler
SERVER:		Apache/2.4.58 (Ubuntu) 
PHP TIME LIMIT: (0) no time limit imposed 
PHP MAX MEMORY: 4294967296 (128M default) 
MEMORY STACK: 4MB

********************************************************************************
DATABASE:
********************************************************************************
BUILD MODE:   MYSQLDUMP
MYSQLTIMEOUT: 5000
MYSQLDUMP:    Is Supported
SQL CREATED: 20260515_thednhgroup_3945ca317341728b6655_20260515110258_database.sql
SQL FILE SIZE: 1.74MB (1821931)
SQL FILE TIME: 2026-05-15 11:03:20
SQL RUNTIME: 0.05 sec.

********************************************************************************
ARCHIVE (ZIP):
********************************************************************************
ARCHIVE DIR:  /var/www/html/the_dnh_group
ARCHIVE FILE: 20260515_thednhgroup_3945ca317341728b6655_20260515110258_archive.zip
FILTERS: *OFF*
DIRS:
	not set
FILES:
	not set
EXTS:  not set
----------------------------------------
COMPRESSING
SIZE:	612.32MB
STATS:	Dirs 7,251 | Files 64,296
SQL ADDED: 20260515_thednhgroup_3945ca317341728b6655_20260515110258_database.sql
ZipArchive Object
(
    [lastId] => 71546
    [status] => 0
    [statusSys] => 0
    [numFiles] => 71547
    [filename] => /var/www/html/the_dnh_group/wp-content/backups-dup-lite/tmp/20260515_thednhgroup_3945ca317341728b6655_20260515110258_archive.zip
    [comment] => 
)

FILE ADDED TO ZIP: 71546
COMPRESSION RESULT: '1'
COMPRESSED SIZE: 259.73MB
ARCHIVE RUNTIME: 49.35 sec.
MEMORY STACK: 26MB
building installer
ARCHIVE CONSISTENCY TEST: PASS

********************************************************************************
INTEGRITY CHECKS:
********************************************************************************
SQL FILE: 1.74MB
INSTALLER FILE: 73.49KB
ARCHIVE FILE: 262.54MB 
EXPECTED FILE/DIRECTORY COUNT: 71,547
ACTUAL FILE/DIRECTORY COUNT: 71,546
ARCHIVE CONSISTENCY TEST: Pass

********************************************************************************
RECORD ID:[1]
TOTAL PROCESS RUNTIME: 52.02 sec.
PEAK PHP MEMORY USED: 38MB
DONE PROCESSING => 20260515_thednhgroup May 15, 2026 11:04 am

